<?xml version="1.0" encoding="UTF-8"?>
<robot generator="Robot 3.1.2 (Python 3.7.4 on win32)" generated="20190904 20:32:08.564" rpa="false">
<suite id="s1" name="Demo" source="C:\Users\wiler.antonio.junior\Documents\TrainingProjects\RobotFramework\development\robot-scripts\keyword-demo\demo.robot">
<test id="s1-t1" name="Test case 1">
<kw name="Do Something">
<kw name="Log" library="BuiltIn">
<doc>Logs the given message with the given level.</doc>
<arguments>
<arg>I am doing something...</arg>
</arguments>
<msg timestamp="20190904 20:32:08.624" level="INFO">I am doing something...</msg>
<status status="PASS" starttime="20190904 20:32:08.623" endtime="20190904 20:32:08.624"></status>
</kw>
<status status="PASS" starttime="20190904 20:32:08.623" endtime="20190904 20:32:08.624"></status>
</kw>
<kw name="Do Something Else">
<kw name="Log" library="BuiltIn">
<doc>Logs the given message with the given level.</doc>
<arguments>
<arg>I am doing something else...</arg>
</arguments>
<msg timestamp="20190904 20:32:08.625" level="INFO">I am doing something else...</msg>
<status status="PASS" starttime="20190904 20:32:08.625" endtime="20190904 20:32:08.626"></status>
</kw>
<status status="PASS" starttime="20190904 20:32:08.625" endtime="20190904 20:32:08.626"></status>
</kw>
<status status="PASS" starttime="20190904 20:32:08.622" endtime="20190904 20:32:08.627" critical="yes"></status>
</test>
<test id="s1-t2" name="Test case 2">
<kw name="Do Another Thing">
<kw name="Log" library="BuiltIn">
<doc>Logs the given message with the given level.</doc>
<arguments>
<arg>I am doing another thing...</arg>
</arguments>
<msg timestamp="20190904 20:32:08.631" level="INFO">I am doing another thing...</msg>
<status status="PASS" starttime="20190904 20:32:08.631" endtime="20190904 20:32:08.631"></status>
</kw>
<status status="PASS" starttime="20190904 20:32:08.630" endtime="20190904 20:32:08.631"></status>
</kw>
<kw name="Do Something Else">
<kw name="Log" library="BuiltIn">
<doc>Logs the given message with the given level.</doc>
<arguments>
<arg>I am doing something else...</arg>
</arguments>
<msg timestamp="20190904 20:32:08.633" level="INFO">I am doing something else...</msg>
<status status="PASS" starttime="20190904 20:32:08.632" endtime="20190904 20:32:08.633"></status>
</kw>
<status status="PASS" starttime="20190904 20:32:08.632" endtime="20190904 20:32:08.633"></status>
</kw>
<status status="PASS" starttime="20190904 20:32:08.629" endtime="20190904 20:32:08.634" critical="yes"></status>
</test>
<status status="PASS" starttime="20190904 20:32:08.570" endtime="20190904 20:32:08.637"></status>
</suite>
<statistics>
<total>
<stat pass="2" fail="0">Critical Tests</stat>
<stat pass="2" fail="0">All Tests</stat>
</total>
<tag>
</tag>
<suite>
<stat pass="2" fail="0" id="s1" name="Demo">Demo</stat>
</suite>
</statistics>
<errors>
</errors>
</robot>
