<?xml version="1.0" encoding="UTF-8"?>
<robot generator="Robot 3.1.2 (Python 3.7.4 on win32)" generated="20190907 11:16:06.781" rpa="false">
<suite id="s1" name="Amazon" source="C:\Users\wiler.antonio.junior\Documents\TrainingProjects\RobotFramework\development\robot-scripts\more readable - final\tests\amazon.robot">
<test id="s1-t1" name="Should be able to login">
<kw name="Begin Web Test" library="Common" type="setup">
<kw name="Open Browser" library="SeleniumLibrary">
<doc>Opens a new browser instance to the given ``url``.</doc>
<arguments>
<arg>about:blank</arg>
<arg>${BROWSER}</arg>
</arguments>
<msg timestamp="20190907 11:16:07.023" level="INFO">Opening browser 'firefox' to base url 'about:blank'.</msg>
<status status="PASS" starttime="20190907 11:16:07.023" endtime="20190907 11:16:15.074"></status>
</kw>
<status status="PASS" starttime="20190907 11:16:07.023" endtime="20190907 11:16:15.075"></status>
</kw>
<kw name="Login" library="AmazonApp">
<arguments>
<arg>${LOGIN_EMAIL}</arg>
<arg>${LOGIN_PASSWORD}</arg>
</arguments>
<kw name="Login With Valid Credentials" library="SignIn">
<arguments>
<arg>${username}</arg>
<arg>${password}</arg>
</arguments>
<kw name="Wait Until Page Contains" library="SeleniumLibrary">
<doc>Waits until ``text`` appears on current page.</doc>
<arguments>
<arg>Email</arg>
</arguments>
<kw name="Capture Page Screenshot" library="SeleniumLibrary">
<doc>Takes screenshot of the current page and embeds it into log file.</doc>
<msg timestamp="20190907 11:16:20.305" level="INFO" html="yes">&lt;/td&gt;&lt;/tr&gt;&lt;tr&gt;&lt;td colspan="3"&gt;&lt;a href="selenium-screenshot-16.png"&gt;&lt;img src="selenium-screenshot-16.png" width="800px"&gt;&lt;/a&gt;</msg>
<status status="PASS" starttime="20190907 11:16:20.253" endtime="20190907 11:16:20.305"></status>
</kw>
<msg timestamp="20190907 11:16:20.306" level="FAIL">Text 'Email' did not appear in 5 seconds.</msg>
<status status="FAIL" starttime="20190907 11:16:15.076" endtime="20190907 11:16:20.307"></status>
</kw>
<status status="FAIL" starttime="20190907 11:16:15.076" endtime="20190907 11:16:20.307"></status>
</kw>
<status status="FAIL" starttime="20190907 11:16:15.075" endtime="20190907 11:16:20.307"></status>
</kw>
<kw name="End Web Test" library="Common" type="teardown">
<kw name="Close Browser" library="SeleniumLibrary">
<doc>Closes the current browser.</doc>
<status status="PASS" starttime="20190907 11:16:20.308" endtime="20190907 11:16:21.520"></status>
</kw>
<status status="PASS" starttime="20190907 11:16:20.307" endtime="20190907 11:16:21.520"></status>
</kw>
<status status="FAIL" starttime="20190907 11:16:07.021" endtime="20190907 11:16:21.520" critical="yes">Text 'Email' did not appear in 5 seconds.</status>
</test>
<test id="s1-t2" name="Logged out user can search for products">
<kw name="Begin Web Test" library="Common" type="setup">
<kw name="Open Browser" library="SeleniumLibrary">
<doc>Opens a new browser instance to the given ``url``.</doc>
<arguments>
<arg>about:blank</arg>
<arg>${BROWSER}</arg>
</arguments>
<msg timestamp="20190907 11:16:21.524" level="INFO">Opening browser 'firefox' to base url 'about:blank'.</msg>
<status status="PASS" starttime="20190907 11:16:21.524" endtime="20190907 11:16:29.638"></status>
</kw>
<status status="PASS" starttime="20190907 11:16:21.523" endtime="20190907 11:16:29.638"></status>
</kw>
<kw name="Search for Products" library="AmazonApp">
<kw name="Load" library="LandingPage">
<kw name="Go To" library="SeleniumLibrary">
<doc>Navigates the active browser instance to the provided ``url``.</doc>
<arguments>
<arg>${START_URL}</arg>
</arguments>
<msg timestamp="20190907 11:16:29.644" level="INFO">Opening url 'https://www.amazon.com'</msg>
<status status="PASS" starttime="20190907 11:16:29.643" endtime="20190907 11:16:33.167"></status>
</kw>
<status status="PASS" starttime="20190907 11:16:29.642" endtime="20190907 11:16:33.167"></status>
</kw>
<kw name="Verify Page Loaded" library="LandingPage">
<kw name="Wait Until Page Contains" library="SeleniumLibrary">
<doc>Waits until ``text`` appears on current page.</doc>
<arguments>
<arg>AmazonBasics</arg>
</arguments>
<status status="PASS" starttime="20190907 11:16:33.168" endtime="20190907 11:16:33.292"></status>
</kw>
<status status="PASS" starttime="20190907 11:16:33.167" endtime="20190907 11:16:33.293"></status>
</kw>
<kw name="Search for Products" library="TopNav">
<kw name="Enter Search Term" library="TopNav">
<kw name="Input Text" library="SeleniumLibrary">
<doc>Types the given ``text`` into text field identified by ``locator``.</doc>
<arguments>
<arg>${TOPNAV_SEARCH_BAR}</arg>
<arg>${SEARCH_TERM}</arg>
</arguments>
<msg timestamp="20190907 11:16:33.294" level="INFO">Typing text 'Ferrari 458' into text field 'id=twotabsearchtextbox'.</msg>
<status status="PASS" starttime="20190907 11:16:33.294" endtime="20190907 11:16:33.461"></status>
</kw>
<status status="PASS" starttime="20190907 11:16:33.293" endtime="20190907 11:16:33.461"></status>
</kw>
<kw name="Submit Search" library="TopNav">
<kw name="Click Button" library="SeleniumLibrary">
<doc>Clicks button identified by ``locator``.</doc>
<arguments>
<arg>${TOPNAV_SEARCH_BUTTON}</arg>
</arguments>
<msg timestamp="20190907 11:16:33.462" level="INFO">Clicking button 'Go'.</msg>
<status status="PASS" starttime="20190907 11:16:33.462" endtime="20190907 11:16:38.579"></status>
</kw>
<status status="PASS" starttime="20190907 11:16:33.461" endtime="20190907 11:16:38.579"></status>
</kw>
<status status="PASS" starttime="20190907 11:16:33.293" endtime="20190907 11:16:38.580"></status>
</kw>
<kw name="Verify Search Completed" library="SearchResults">
<kw name="Wait Until Page Contains" library="SeleniumLibrary">
<doc>Waits until ``text`` appears on current page.</doc>
<arguments>
<arg>results for "${SEARCH_TERM}"</arg>
</arguments>
<status status="PASS" starttime="20190907 11:16:38.581" endtime="20190907 11:16:38.636"></status>
</kw>
<status status="PASS" starttime="20190907 11:16:38.580" endtime="20190907 11:16:38.637"></status>
</kw>
<status status="PASS" starttime="20190907 11:16:29.641" endtime="20190907 11:16:38.637"></status>
</kw>
<kw name="End Web Test" library="Common" type="teardown">
<kw name="Close Browser" library="SeleniumLibrary">
<doc>Closes the current browser.</doc>
<status status="PASS" starttime="20190907 11:16:38.640" endtime="20190907 11:16:41.182"></status>
</kw>
<status status="PASS" starttime="20190907 11:16:38.640" endtime="20190907 11:16:41.182"></status>
</kw>
<tags>
<tag>Current</tag>
</tags>
<status status="PASS" starttime="20190907 11:16:21.522" endtime="20190907 11:16:41.184" critical="yes"></status>
</test>
<test id="s1-t3" name="Logged out user can view a product">
<kw name="Begin Web Test" library="Common" type="setup">
<kw name="Open Browser" library="SeleniumLibrary">
<doc>Opens a new browser instance to the given ``url``.</doc>
<arguments>
<arg>about:blank</arg>
<arg>${BROWSER}</arg>
</arguments>
<msg timestamp="20190907 11:16:41.190" level="INFO">Opening browser 'firefox' to base url 'about:blank'.</msg>
<status status="PASS" starttime="20190907 11:16:41.190" endtime="20190907 11:16:50.033"></status>
</kw>
<status status="PASS" starttime="20190907 11:16:41.189" endtime="20190907 11:16:50.033"></status>
</kw>
<kw name="Search for Products" library="AmazonApp">
<kw name="Load" library="LandingPage">
<kw name="Go To" library="SeleniumLibrary">
<doc>Navigates the active browser instance to the provided ``url``.</doc>
<arguments>
<arg>${START_URL}</arg>
</arguments>
<msg timestamp="20190907 11:16:50.036" level="INFO">Opening url 'https://www.amazon.com'</msg>
<status status="PASS" starttime="20190907 11:16:50.036" endtime="20190907 11:16:52.978"></status>
</kw>
<status status="PASS" starttime="20190907 11:16:50.035" endtime="20190907 11:16:52.979"></status>
</kw>
<kw name="Verify Page Loaded" library="LandingPage">
<kw name="Wait Until Page Contains" library="SeleniumLibrary">
<doc>Waits until ``text`` appears on current page.</doc>
<arguments>
<arg>AmazonBasics</arg>
</arguments>
<status status="PASS" starttime="20190907 11:16:52.982" endtime="20190907 11:16:53.121"></status>
</kw>
<status status="PASS" starttime="20190907 11:16:52.979" endtime="20190907 11:16:53.121"></status>
</kw>
<kw name="Search for Products" library="TopNav">
<kw name="Enter Search Term" library="TopNav">
<kw name="Input Text" library="SeleniumLibrary">
<doc>Types the given ``text`` into text field identified by ``locator``.</doc>
<arguments>
<arg>${TOPNAV_SEARCH_BAR}</arg>
<arg>${SEARCH_TERM}</arg>
</arguments>
<msg timestamp="20190907 11:16:53.123" level="INFO">Typing text 'Ferrari 458' into text field 'id=twotabsearchtextbox'.</msg>
<status status="PASS" starttime="20190907 11:16:53.122" endtime="20190907 11:16:53.279"></status>
</kw>
<status status="PASS" starttime="20190907 11:16:53.122" endtime="20190907 11:16:53.280"></status>
</kw>
<kw name="Submit Search" library="TopNav">
<kw name="Click Button" library="SeleniumLibrary">
<doc>Clicks button identified by ``locator``.</doc>
<arguments>
<arg>${TOPNAV_SEARCH_BUTTON}</arg>
</arguments>
<msg timestamp="20190907 11:16:53.281" level="INFO">Clicking button 'Go'.</msg>
<status status="PASS" starttime="20190907 11:16:53.280" endtime="20190907 11:16:57.896"></status>
</kw>
<status status="PASS" starttime="20190907 11:16:53.280" endtime="20190907 11:16:57.896"></status>
</kw>
<status status="PASS" starttime="20190907 11:16:53.122" endtime="20190907 11:16:57.896"></status>
</kw>
<kw name="Verify Search Completed" library="SearchResults">
<kw name="Wait Until Page Contains" library="SeleniumLibrary">
<doc>Waits until ``text`` appears on current page.</doc>
<arguments>
<arg>results for "${SEARCH_TERM}"</arg>
</arguments>
<status status="PASS" starttime="20190907 11:16:57.897" endtime="20190907 11:16:57.947"></status>
</kw>
<status status="PASS" starttime="20190907 11:16:57.897" endtime="20190907 11:16:57.948"></status>
</kw>
<status status="PASS" starttime="20190907 11:16:50.034" endtime="20190907 11:16:57.948"></status>
</kw>
<kw name="Select Product from Search Results" library="AmazonApp">
<kw name="Click Product Link" library="SearchResults">
<doc>Clicks on the first product in the search results list</doc>
<kw name="Click Link" library="SeleniumLibrary">
<doc>Clicks a link identified by ``locator``.</doc>
<arguments>
<arg>xpath=/html/body/div[1]/div[1]/div[1]/div[2]/div/span[3]/div[1]/div[1]/div/div/div/div/div/div[2]/div[3]/div/div[1]/h2/a</arg>
</arguments>
<msg timestamp="20190907 11:16:57.950" level="INFO">Clicking link 'xpath=/html/body/div[1]/div[1]/div[1]/div[2]/div/span[3]/div[1]/div[1]/div/div/div/div/div/div[2]/div[3]/div/div[1]/h2/a'.</msg>
<status status="PASS" starttime="20190907 11:16:57.950" endtime="20190907 11:17:04.550"></status>
</kw>
<status status="PASS" starttime="20190907 11:16:57.949" endtime="20190907 11:17:04.550"></status>
</kw>
<kw name="Verify Page Loaded" library="Product">
<kw name="Wait Until Page Contains" library="SeleniumLibrary">
<doc>Waits until ``text`` appears on current page.</doc>
<arguments>
<arg>Back to results</arg>
</arguments>
<status status="PASS" starttime="20190907 11:17:04.550" endtime="20190907 11:17:04.610"></status>
</kw>
<status status="PASS" starttime="20190907 11:17:04.550" endtime="20190907 11:17:04.610"></status>
</kw>
<status status="PASS" starttime="20190907 11:16:57.949" endtime="20190907 11:17:04.611"></status>
</kw>
<kw name="End Web Test" library="Common" type="teardown">
<kw name="Close Browser" library="SeleniumLibrary">
<doc>Closes the current browser.</doc>
<status status="PASS" starttime="20190907 11:17:04.612" endtime="20190907 11:17:17.278"></status>
</kw>
<status status="PASS" starttime="20190907 11:17:04.611" endtime="20190907 11:17:17.278"></status>
</kw>
<tags>
<tag>Smoke</tag>
</tags>
<status status="PASS" starttime="20190907 11:16:41.188" endtime="20190907 11:17:17.278" critical="yes"></status>
</test>
<test id="s1-t4" name="Logged out user can add product to cart">
<kw name="Begin Web Test" library="Common" type="setup">
<kw name="Open Browser" library="SeleniumLibrary">
<doc>Opens a new browser instance to the given ``url``.</doc>
<arguments>
<arg>about:blank</arg>
<arg>${BROWSER}</arg>
</arguments>
<msg timestamp="20190907 11:17:17.286" level="INFO">Opening browser 'firefox' to base url 'about:blank'.</msg>
<status status="PASS" starttime="20190907 11:17:17.285" endtime="20190907 11:17:25.425"></status>
</kw>
<status status="PASS" starttime="20190907 11:17:17.282" endtime="20190907 11:17:25.425"></status>
</kw>
<kw name="Search for Products" library="AmazonApp">
<kw name="Load" library="LandingPage">
<kw name="Go To" library="SeleniumLibrary">
<doc>Navigates the active browser instance to the provided ``url``.</doc>
<arguments>
<arg>${START_URL}</arg>
</arguments>
<msg timestamp="20190907 11:17:25.430" level="INFO">Opening url 'https://www.amazon.com'</msg>
<status status="PASS" starttime="20190907 11:17:25.430" endtime="20190907 11:17:28.860"></status>
</kw>
<status status="PASS" starttime="20190907 11:17:25.429" endtime="20190907 11:17:28.860"></status>
</kw>
<kw name="Verify Page Loaded" library="LandingPage">
<kw name="Wait Until Page Contains" library="SeleniumLibrary">
<doc>Waits until ``text`` appears on current page.</doc>
<arguments>
<arg>AmazonBasics</arg>
</arguments>
<status status="PASS" starttime="20190907 11:17:28.862" endtime="20190907 11:17:28.943"></status>
</kw>
<status status="PASS" starttime="20190907 11:17:28.861" endtime="20190907 11:17:28.943"></status>
</kw>
<kw name="Search for Products" library="TopNav">
<kw name="Enter Search Term" library="TopNav">
<kw name="Input Text" library="SeleniumLibrary">
<doc>Types the given ``text`` into text field identified by ``locator``.</doc>
<arguments>
<arg>${TOPNAV_SEARCH_BAR}</arg>
<arg>${SEARCH_TERM}</arg>
</arguments>
<msg timestamp="20190907 11:17:28.945" level="INFO">Typing text 'Ferrari 458' into text field 'id=twotabsearchtextbox'.</msg>
<status status="PASS" starttime="20190907 11:17:28.944" endtime="20190907 11:17:29.216"></status>
</kw>
<status status="PASS" starttime="20190907 11:17:28.944" endtime="20190907 11:17:29.216"></status>
</kw>
<kw name="Submit Search" library="TopNav">
<kw name="Click Button" library="SeleniumLibrary">
<doc>Clicks button identified by ``locator``.</doc>
<arguments>
<arg>${TOPNAV_SEARCH_BUTTON}</arg>
</arguments>
<msg timestamp="20190907 11:17:29.217" level="INFO">Clicking button 'Go'.</msg>
<status status="PASS" starttime="20190907 11:17:29.217" endtime="20190907 11:17:33.686"></status>
</kw>
<status status="PASS" starttime="20190907 11:17:29.217" endtime="20190907 11:17:33.686"></status>
</kw>
<status status="PASS" starttime="20190907 11:17:28.944" endtime="20190907 11:17:33.686"></status>
</kw>
<kw name="Verify Search Completed" library="SearchResults">
<kw name="Wait Until Page Contains" library="SeleniumLibrary">
<doc>Waits until ``text`` appears on current page.</doc>
<arguments>
<arg>results for "${SEARCH_TERM}"</arg>
</arguments>
<status status="PASS" starttime="20190907 11:17:33.687" endtime="20190907 11:17:33.755"></status>
</kw>
<status status="PASS" starttime="20190907 11:17:33.686" endtime="20190907 11:17:33.756"></status>
</kw>
<status status="PASS" starttime="20190907 11:17:25.426" endtime="20190907 11:17:33.756"></status>
</kw>
<kw name="Select Product from Search Results" library="AmazonApp">
<kw name="Click Product Link" library="SearchResults">
<doc>Clicks on the first product in the search results list</doc>
<kw name="Click Link" library="SeleniumLibrary">
<doc>Clicks a link identified by ``locator``.</doc>
<arguments>
<arg>xpath=/html/body/div[1]/div[1]/div[1]/div[2]/div/span[3]/div[1]/div[1]/div/div/div/div/div/div[2]/div[3]/div/div[1]/h2/a</arg>
</arguments>
<msg timestamp="20190907 11:17:33.759" level="INFO">Clicking link 'xpath=/html/body/div[1]/div[1]/div[1]/div[2]/div/span[3]/div[1]/div[1]/div/div/div/div/div/div[2]/div[3]/div/div[1]/h2/a'.</msg>
<status status="PASS" starttime="20190907 11:17:33.758" endtime="20190907 11:17:36.710"></status>
</kw>
<status status="PASS" starttime="20190907 11:17:33.757" endtime="20190907 11:17:36.715"></status>
</kw>
<kw name="Verify Page Loaded" library="Product">
<kw name="Wait Until Page Contains" library="SeleniumLibrary">
<doc>Waits until ``text`` appears on current page.</doc>
<arguments>
<arg>Back to results</arg>
</arguments>
<status status="PASS" starttime="20190907 11:17:36.720" endtime="20190907 11:17:36.936"></status>
</kw>
<status status="PASS" starttime="20190907 11:17:36.718" endtime="20190907 11:17:36.936"></status>
</kw>
<status status="PASS" starttime="20190907 11:17:33.756" endtime="20190907 11:17:36.936"></status>
</kw>
<kw name="Add Product to Cart" library="AmazonApp">
<kw name="Add to Cart" library="Product">
<kw name="Click Button" library="SeleniumLibrary">
<doc>Clicks button identified by ``locator``.</doc>
<arguments>
<arg>id=add-to-cart-button</arg>
</arguments>
<msg timestamp="20190907 11:17:36.940" level="INFO">Clicking button 'id=add-to-cart-button'.</msg>
<status status="PASS" starttime="20190907 11:17:36.939" endtime="20190907 11:17:46.770"></status>
</kw>
<status status="PASS" starttime="20190907 11:17:36.938" endtime="20190907 11:17:46.771"></status>
</kw>
<kw name="Verify Product Added" library="Cart">
<kw name="Wait Until Page Contains" library="SeleniumLibrary">
<doc>Waits until ``text`` appears on current page.</doc>
<arguments>
<arg>Added to Cart</arg>
</arguments>
<status status="PASS" starttime="20190907 11:17:46.771" endtime="20190907 11:17:46.809"></status>
</kw>
<status status="PASS" starttime="20190907 11:17:46.771" endtime="20190907 11:17:46.809"></status>
</kw>
<status status="PASS" starttime="20190907 11:17:36.937" endtime="20190907 11:17:46.809"></status>
</kw>
<kw name="End Web Test" library="Common" type="teardown">
<kw name="Close Browser" library="SeleniumLibrary">
<doc>Closes the current browser.</doc>
<status status="PASS" starttime="20190907 11:17:46.810" endtime="20190907 11:17:59.367"></status>
</kw>
<status status="PASS" starttime="20190907 11:17:46.810" endtime="20190907 11:17:59.367"></status>
</kw>
<tags>
<tag>Smoke</tag>
</tags>
<status status="PASS" starttime="20190907 11:17:17.281" endtime="20190907 11:17:59.368" critical="yes"></status>
</test>
<test id="s1-t5" name="Logged out user must sign in to check out">
<kw name="Begin Web Test" library="Common" type="setup">
<kw name="Open Browser" library="SeleniumLibrary">
<doc>Opens a new browser instance to the given ``url``.</doc>
<arguments>
<arg>about:blank</arg>
<arg>${BROWSER}</arg>
</arguments>
<msg timestamp="20190907 11:17:59.370" level="INFO">Opening browser 'firefox' to base url 'about:blank'.</msg>
<status status="PASS" starttime="20190907 11:17:59.370" endtime="20190907 11:18:07.424"></status>
</kw>
<status status="PASS" starttime="20190907 11:17:59.369" endtime="20190907 11:18:07.425"></status>
</kw>
<kw name="Search for Products" library="AmazonApp">
<kw name="Load" library="LandingPage">
<kw name="Go To" library="SeleniumLibrary">
<doc>Navigates the active browser instance to the provided ``url``.</doc>
<arguments>
<arg>${START_URL}</arg>
</arguments>
<msg timestamp="20190907 11:18:07.428" level="INFO">Opening url 'https://www.amazon.com'</msg>
<status status="PASS" starttime="20190907 11:18:07.428" endtime="20190907 11:18:10.410"></status>
</kw>
<status status="PASS" starttime="20190907 11:18:07.428" endtime="20190907 11:18:10.411"></status>
</kw>
<kw name="Verify Page Loaded" library="LandingPage">
<kw name="Wait Until Page Contains" library="SeleniumLibrary">
<doc>Waits until ``text`` appears on current page.</doc>
<arguments>
<arg>AmazonBasics</arg>
</arguments>
<status status="PASS" starttime="20190907 11:18:10.412" endtime="20190907 11:18:10.541"></status>
</kw>
<status status="PASS" starttime="20190907 11:18:10.412" endtime="20190907 11:18:10.541"></status>
</kw>
<kw name="Search for Products" library="TopNav">
<kw name="Enter Search Term" library="TopNav">
<kw name="Input Text" library="SeleniumLibrary">
<doc>Types the given ``text`` into text field identified by ``locator``.</doc>
<arguments>
<arg>${TOPNAV_SEARCH_BAR}</arg>
<arg>${SEARCH_TERM}</arg>
</arguments>
<msg timestamp="20190907 11:18:10.542" level="INFO">Typing text 'Ferrari 458' into text field 'id=twotabsearchtextbox'.</msg>
<status status="PASS" starttime="20190907 11:18:10.541" endtime="20190907 11:18:10.987"></status>
</kw>
<status status="PASS" starttime="20190907 11:18:10.541" endtime="20190907 11:18:10.988"></status>
</kw>
<kw name="Submit Search" library="TopNav">
<kw name="Click Button" library="SeleniumLibrary">
<doc>Clicks button identified by ``locator``.</doc>
<arguments>
<arg>${TOPNAV_SEARCH_BUTTON}</arg>
</arguments>
<msg timestamp="20190907 11:18:10.989" level="INFO">Clicking button 'Go'.</msg>
<status status="PASS" starttime="20190907 11:18:10.989" endtime="20190907 11:18:14.810"></status>
</kw>
<status status="PASS" starttime="20190907 11:18:10.988" endtime="20190907 11:18:14.810"></status>
</kw>
<status status="PASS" starttime="20190907 11:18:10.541" endtime="20190907 11:18:14.810"></status>
</kw>
<kw name="Verify Search Completed" library="SearchResults">
<kw name="Wait Until Page Contains" library="SeleniumLibrary">
<doc>Waits until ``text`` appears on current page.</doc>
<arguments>
<arg>results for "${SEARCH_TERM}"</arg>
</arguments>
<status status="PASS" starttime="20190907 11:18:14.811" endtime="20190907 11:18:14.871"></status>
</kw>
<status status="PASS" starttime="20190907 11:18:14.811" endtime="20190907 11:18:14.871"></status>
</kw>
<status status="PASS" starttime="20190907 11:18:07.427" endtime="20190907 11:18:14.871"></status>
</kw>
<kw name="Select Product from Search Results" library="AmazonApp">
<kw name="Click Product Link" library="SearchResults">
<doc>Clicks on the first product in the search results list</doc>
<kw name="Click Link" library="SeleniumLibrary">
<doc>Clicks a link identified by ``locator``.</doc>
<arguments>
<arg>xpath=/html/body/div[1]/div[1]/div[1]/div[2]/div/span[3]/div[1]/div[1]/div/div/div/div/div/div[2]/div[3]/div/div[1]/h2/a</arg>
</arguments>
<msg timestamp="20190907 11:18:14.872" level="INFO">Clicking link 'xpath=/html/body/div[1]/div[1]/div[1]/div[2]/div/span[3]/div[1]/div[1]/div/div/div/div/div/div[2]/div[3]/div/div[1]/h2/a'.</msg>
<status status="PASS" starttime="20190907 11:18:14.872" endtime="20190907 11:18:20.086"></status>
</kw>
<status status="PASS" starttime="20190907 11:18:14.872" endtime="20190907 11:18:20.086"></status>
</kw>
<kw name="Verify Page Loaded" library="Product">
<kw name="Wait Until Page Contains" library="SeleniumLibrary">
<doc>Waits until ``text`` appears on current page.</doc>
<arguments>
<arg>Back to results</arg>
</arguments>
<status status="PASS" starttime="20190907 11:18:20.087" endtime="20190907 11:18:20.167"></status>
</kw>
<status status="PASS" starttime="20190907 11:18:20.087" endtime="20190907 11:18:20.167"></status>
</kw>
<status status="PASS" starttime="20190907 11:18:14.872" endtime="20190907 11:18:20.167"></status>
</kw>
<kw name="Add Product to Cart" library="AmazonApp">
<kw name="Add to Cart" library="Product">
<kw name="Click Button" library="SeleniumLibrary">
<doc>Clicks button identified by ``locator``.</doc>
<arguments>
<arg>id=add-to-cart-button</arg>
</arguments>
<msg timestamp="20190907 11:18:20.169" level="INFO">Clicking button 'id=add-to-cart-button'.</msg>
<status status="PASS" starttime="20190907 11:18:20.169" endtime="20190907 11:18:23.924"></status>
</kw>
<status status="PASS" starttime="20190907 11:18:20.168" endtime="20190907 11:18:23.924"></status>
</kw>
<kw name="Verify Product Added" library="Cart">
<kw name="Wait Until Page Contains" library="SeleniumLibrary">
<doc>Waits until ``text`` appears on current page.</doc>
<arguments>
<arg>Added to Cart</arg>
</arguments>
<status status="PASS" starttime="20190907 11:18:23.925" endtime="20190907 11:18:24.101"></status>
</kw>
<status status="PASS" starttime="20190907 11:18:23.924" endtime="20190907 11:18:24.101"></status>
</kw>
<status status="PASS" starttime="20190907 11:18:20.168" endtime="20190907 11:18:24.101"></status>
</kw>
<kw name="Begin Checkout" library="AmazonApp">
<kw name="Proceed to Checkout" library="Cart">
<kw name="Click Link" library="SeleniumLibrary">
<doc>Clicks a link identified by ``locator``.</doc>
<arguments>
<arg>id=hlb-ptc-btn-native</arg>
</arguments>
<msg timestamp="20190907 11:18:24.102" level="INFO">Clicking link 'id=hlb-ptc-btn-native'.</msg>
<status status="PASS" starttime="20190907 11:18:24.102" endtime="20190907 11:18:24.535"></status>
</kw>
<status status="PASS" starttime="20190907 11:18:24.102" endtime="20190907 11:18:24.536"></status>
</kw>
<kw name="Verify Page Loaded" library="SignIn">
<kw name="Page Should Contain Element" library="SeleniumLibrary">
<doc>Verifies that element ``locator`` is found on the current page.</doc>
<arguments>
<arg>${SIGNIN_MAIN_HEADING}</arg>
</arguments>
<kw name="Capture Page Screenshot" library="SeleniumLibrary">
<doc>Takes screenshot of the current page and embeds it into log file.</doc>
<msg timestamp="20190907 11:18:24.915" level="INFO" html="yes">&lt;/td&gt;&lt;/tr&gt;&lt;tr&gt;&lt;td colspan="3"&gt;&lt;a href="selenium-screenshot-17.png"&gt;&lt;img src="selenium-screenshot-17.png" width="800px"&gt;&lt;/a&gt;</msg>
<status status="PASS" starttime="20190907 11:18:24.631" endtime="20190907 11:18:24.915"></status>
</kw>
<msg timestamp="20190907 11:18:24.921" level="FAIL">Page should have contained element 'xpath=/html/body/div[1]/div[1]/div[2]/div/div[2]/div/div[1]/form/div/div/div/h1' but did not.</msg>
<status status="FAIL" starttime="20190907 11:18:24.538" endtime="20190907 11:18:24.921"></status>
</kw>
<status status="FAIL" starttime="20190907 11:18:24.537" endtime="20190907 11:18:24.921"></status>
</kw>
<status status="FAIL" starttime="20190907 11:18:24.102" endtime="20190907 11:18:24.921"></status>
</kw>
<kw name="End Web Test" library="Common" type="teardown">
<kw name="Close Browser" library="SeleniumLibrary">
<doc>Closes the current browser.</doc>
<status status="PASS" starttime="20190907 11:18:24.922" endtime="20190907 11:18:38.017"></status>
</kw>
<status status="PASS" starttime="20190907 11:18:24.922" endtime="20190907 11:18:38.017"></status>
</kw>
<tags>
<tag>Smoke</tag>
</tags>
<status status="FAIL" starttime="20190907 11:17:59.369" endtime="20190907 11:18:38.018" critical="yes">Page should have contained element 'xpath=/html/body/div[1]/div[1]/div[2]/div/div[2]/div/div[1]/form/div/div/div/h1' but did not.</status>
</test>
<doc>This is some basic info about the whole suite</doc>
<status status="FAIL" starttime="20190907 11:16:06.786" endtime="20190907 11:18:38.020"></status>
</suite>
<statistics>
<total>
<stat pass="3" fail="2">Critical Tests</stat>
<stat pass="3" fail="2">All Tests</stat>
</total>
<tag>
<stat pass="1" fail="0">Current</stat>
<stat pass="2" fail="1">Smoke</stat>
</tag>
<suite>
<stat pass="3" fail="2" id="s1" name="Amazon">Amazon</stat>
</suite>
</statistics>
<errors>
</errors>
</robot>
