<?xml version="1.0" encoding="UTF-8"?>
<robot generator="Robot 3.1.2 (Python 3.7.4 on win32)" generated="20190828 21:34:26.129" rpa="false">
<suite id="s1" name="Amazon" source="C:\Users\wiler.antonio.junior\Documents\TrainingProjects\RobotFramework\development\robot-scripts\amazon\tests\amazon.robot">
<test id="s1-t1" name="User must sign in to check out">
<kw name="Open Browser" library="SeleniumLibrary">
<doc>Opens a new browser instance to the given ``url``.</doc>
<arguments>
<arg>http://www.amazon.com ff</arg>
</arguments>
<msg timestamp="20190828 21:34:26.361" level="INFO">Opening browser 'firefox' to base url 'http://www.amazon.com ff'.</msg>
<kw name="Capture Page Screenshot" library="SeleniumLibrary">
<doc>Takes screenshot of the current page and embeds it into log file.</doc>
<msg timestamp="20190828 21:34:26.367" level="INFO">Cannot capture screenshot because no browser is open.</msg>
<status status="PASS" starttime="20190828 21:34:26.367" endtime="20190828 21:34:26.367"></status>
</kw>
<msg timestamp="20190828 21:34:26.370" level="FAIL">WebDriverException: Message: 'geckodriver' executable needs to be in PATH. 
</msg>
<status status="FAIL" starttime="20190828 21:34:26.361" endtime="20190828 21:34:26.370"></status>
</kw>
<doc>This is some basic info about the test</doc>
<tags>
<tag>Smoke</tag>
</tags>
<status status="FAIL" starttime="20190828 21:34:26.361" endtime="20190828 21:34:26.371" critical="yes">WebDriverException: Message: 'geckodriver' executable needs to be in PATH. 
</status>
</test>
<doc>This is some basic info about the whole suite</doc>
<status status="FAIL" starttime="20190828 21:34:26.133" endtime="20190828 21:34:26.372"></status>
</suite>
<statistics>
<total>
<stat pass="0" fail="1">Critical Tests</stat>
<stat pass="0" fail="1">All Tests</stat>
</total>
<tag>
<stat pass="0" fail="1">Smoke</stat>
</tag>
<suite>
<stat pass="0" fail="1" id="s1" name="Amazon">Amazon</stat>
</suite>
</statistics>
<errors>
</errors>
</robot>
